TN:
SF:src/main.tsx
FNF:0
FNH:0
DA:1,0
DA:2,0
DA:8,0
DA:9,0
DA:10,0
DA:11,0
DA:12,0
DA:14,0
LF:8
LH:0
BRF:0
BRH:0
end_of_record
TN:
SF:src/components/AddTask/AddTask.tsx
FN:11,AddTask
FN:15,handlerAddTask
FN:19,handleCreateTask
FNF:3
FNH:0
FNDA:0,AddTask
FNDA:0,handlerAddTask
FNDA:0,handleCreateTask
DA:1,0
DA:2,0
DA:3,0
DA:4,0
DA:5,0
DA:6,0
DA:7,0
DA:8,0
DA:9,0
DA:11,0
DA:12,0
DA:13,0
DA:16,0
DA:20,0
DA:22,0
DA:24,0
DA:38,0
DA:40,0
DA:43,0
LF:19
LH:0
BRDA:51,0,0,0
BRDA:51,0,1,0
BRDA:55,1,0,0
BRDA:55,1,1,0
BRDA:61,2,0,0
BRDA:61,2,1,0
BRDA:66,3,0,0
BRDA:66,3,1,0
BRF:8
BRH:0
end_of_record
TN:
SF:src/components/Icons/ArrowEnter/ArrowEnter.tsx
FN:3,ArrowEnter
FNF:1
FNH:0
FNDA:0,ArrowEnter
DA:3,0
DA:4,0
LF:2
LH:0
BRF:0
BRH:0
end_of_record
TN:
SF:src/components/Icons/Gear/Gear.tsx
FN:3,Gear
FNF:1
FNH:0
FNDA:0,Gear
DA:3,0
DA:4,0
LF:2
LH:0
BRF:0
BRH:0
end_of_record
TN:
SF:src/components/Icons/Grip/Grip.tsx
FN:4,Grip
FNF:1
FNH:0
FNDA:0,Grip
DA:4,0
DA:5,0
LF:2
LH:0
BRF:0
BRH:0
end_of_record
TN:
SF:src/components/Icons/OptionVertical/OptionVertical.tsx
FN:3,OptionVertical
FNF:1
FNH:0
FNDA:0,OptionVertical
DA:3,0
DA:4,0
LF:2
LH:0
BRF:0
BRH:0
end_of_record
TN:
SF:src/components/Icons/Plus/Plus.tsx
FN:3,Plus
FNF:1
FNH:0
FNDA:0,Plus
DA:3,0
DA:4,0
LF:2
LH:0
BRF:0
BRH:0
end_of_record
TN:
SF:src/components/Icons/PomoCompleted/PomoCompleted.tsx
FN:4,PomoCompleted
FNF:1
FNH:0
FNDA:0,PomoCompleted
DA:4,0
DA:5,0
LF:2
LH:0
BRF:0
BRH:0
end_of_record
TN:
SF:src/components/Icons/PomoTargeted/PomoTargeted.tsx
FN:3,PomoTargeted
FNF:1
FNH:0
FNDA:0,PomoTargeted
DA:3,0
DA:4,0
LF:2
LH:0
BRF:0
BRH:0
end_of_record
TN:
SF:src/components/Icons/Reload/Reload.tsx
FN:4,Reload
FNF:1
FNH:0
FNDA:0,Reload
DA:4,0
DA:5,0
LF:2
LH:0
BRF:0
BRH:0
end_of_record
TN:
SF:src/components/Icons/Speaker/Speaker.tsx
FN:5,Speaker
FNF:1
FNH:0
FNDA:0,Speaker
DA:5,0
DA:6,0
DA:12,0
LF:3
LH:0
BRDA:6,0,0,0
BRF:1
BRH:0
end_of_record
TN:
SF:src/components/Icons/User/User.tsx
FN:3,User
FNF:1
FNH:0
FNDA:0,User
DA:3,0
DA:4,0
LF:2
LH:0
BRF:0
BRH:0
end_of_record
TN:
SF:src/components/List/List.tsx
FN:48,(anonymous_6)
FN:55,(anonymous_7)
FN:64,(anonymous_8)
FN:73,(anonymous_9)
FN:78,(anonymous_10)
FN:81,(anonymous_11)
FN:96,(anonymous_12)
FN:111,(anonymous_13)
FN:113,(anonymous_14)
FN:115,(anonymous_15)
FN:119,(anonymous_16)
FN:121,(anonymous_17)
FN:126,(anonymous_18)
FN:128,(anonymous_19)
FN:130,(anonymous_20)
FN:135,(anonymous_21)
FN:137,(anonymous_22)
FN:141,(anonymous_23)
FN:199,(anonymous_24)
FN:204,(anonymous_25)
FN:232,(anonymous_26)
FN:237,(anonymous_27)
FN:242,(anonymous_28)
FN:248,(anonymous_29)
FN:259,(anonymous_30)
FN:269,(anonymous_31)
FN:285,(anonymous_32)
FN:332,(anonymous_33)
FN:338,(anonymous_34)
FN:349,(anonymous_35)
FN:352,(anonymous_36)
FN:364,(anonymous_37)
FN:380,(anonymous_38)
FN:395,(anonymous_39)
FN:411,(anonymous_40)
FN:417,(anonymous_41)
FN:429,(anonymous_42)
FN:442,(anonymous_43)
FN:455,(anonymous_44)
FN:466,(anonymous_45)
FN:521,(anonymous_46)
FN:536,(anonymous_47)
FN:557,(anonymous_48)
FNF:43
FNH:0
FNDA:0,(anonymous_6)
FNDA:0,(anonymous_7)
FNDA:0,(anonymous_8)
FNDA:0,(anonymous_9)
FNDA:0,(anonymous_10)
FNDA:0,(anonymous_11)
FNDA:0,(anonymous_12)
FNDA:0,(anonymous_13)
FNDA:0,(anonymous_14)
FNDA:0,(anonymous_15)
FNDA:0,(anonymous_16)
FNDA:0,(anonymous_17)
FNDA:0,(anonymous_18)
FNDA:0,(anonymous_19)
FNDA:0,(anonymous_20)
FNDA:0,(anonymous_21)
FNDA:0,(anonymous_22)
FNDA:0,(anonymous_23)
FNDA:0,(anonymous_24)
FNDA:0,(anonymous_25)
FNDA:0,(anonymous_26)
FNDA:0,(anonymous_27)
FNDA:0,(anonymous_28)
FNDA:0,(anonymous_29)
FNDA:0,(anonymous_30)
FNDA:0,(anonymous_31)
FNDA:0,(anonymous_32)
FNDA:0,(anonymous_33)
FNDA:0,(anonymous_34)
FNDA:0,(anonymous_35)
FNDA:0,(anonymous_36)
FNDA:0,(anonymous_37)
FNDA:0,(anonymous_38)
FNDA:0,(anonymous_39)
FNDA:0,(anonymous_40)
FNDA:0,(anonymous_41)
FNDA:0,(anonymous_42)
FNDA:0,(anonymous_43)
FNDA:0,(anonymous_44)
FNDA:0,(anonymous_45)
FNDA:0,(anonymous_46)
FNDA:0,(anonymous_47)
FNDA:0,(anonymous_48)
DA:2,0
DA:3,0
DA:4,0
DA:15,0
DA:16,0
DA:19,0
DA:20,0
DA:21,0
DA:22,0
DA:23,0
DA:24,0
DA:25,0
DA:26,0
DA:28,0
DA:29,0
DA:30,0
DA:49,0
DA:50,0
DA:51,0
DA:52,0
DA:56,0
DA:57,0
DA:61,0
DA:65,0
DA:69,0
DA:74,0
DA:75,0
DA:78,0
DA:79,0
DA:80,0
DA:81,0
DA:82,0
DA:83,0
DA:88,0
DA:90,0
DA:91,0
DA:96,0
DA:97,0
DA:98,0
DA:100,0
DA:103,0
DA:106,0
DA:112,0
DA:114,0
DA:116,0
DA:120,0
DA:122,0
DA:126,0
DA:127,0
DA:128,0
DA:130,0
DA:131,0
DA:135,0
DA:136,0
DA:137,0
DA:141,0
DA:142,0
DA:143,0
DA:144,0
DA:146,0
DA:147,0
DA:148,0
DA:149,0
DA:154,0
DA:155,0
DA:156,0
DA:158,0
DA:160,0
DA:161,0
DA:162,0
DA:163,0
DA:165,0
DA:166,0
DA:168,0
DA:169,0
DA:174,0
DA:175,0
DA:176,0
DA:177,0
DA:178,0
DA:179,0
DA:181,0
DA:182,0
DA:184,0
DA:187,0
DA:188,0
DA:191,0
DA:199,0
DA:200,0
DA:201,0
DA:204,0
DA:210,0
DA:211,0
DA:212,0
DA:214,0
DA:215,0
DA:216,0
DA:217,0
DA:218,0
DA:219,0
DA:220,0
DA:232,0
DA:233,0
DA:234,0
DA:237,0
DA:238,0
DA:239,0
DA:242,0
DA:243,0
DA:244,0
DA:245,0
DA:248,0
DA:249,0
DA:250,0
DA:255,0
DA:256,0
DA:259,0
DA:260,0
DA:261,0
DA:262,0
DA:265,0
DA:267,0
DA:268,0
DA:269,0
DA:271,0
DA:273,0
DA:274,0
DA:276,0
DA:278,0
DA:285,0
DA:287,0
DA:289,0
DA:290,0
DA:294,0
DA:301,0
DA:302,0
DA:309,0
DA:310,0
DA:312,0
DA:313,0
DA:314,0
DA:315,0
DA:319,0
DA:320,0
DA:325,0
DA:326,0
DA:332,0
DA:338,0
DA:339,0
DA:340,0
DA:341,0
DA:342,0
DA:344,0
DA:349,0
DA:352,0
DA:354,0
DA:355,0
DA:356,0
DA:357,0
DA:359,0
DA:364,0
DA:366,0
DA:367,0
DA:368,0
DA:369,0
DA:370,0
DA:372,0
DA:374,0
DA:375,0
DA:377,0
DA:380,0
DA:381,0
DA:382,0
DA:383,0
DA:384,0
DA:385,0
DA:386,0
DA:389,0
DA:390,0
DA:395,0
DA:396,0
DA:401,0
DA:402,0
DA:404,0
DA:411,0
DA:417,0
DA:423,0
DA:429,0
DA:431,0
DA:432,0
DA:436,0
DA:442,0
DA:443,0
DA:444,0
DA:445,0
DA:447,0
DA:448,0
DA:449,0
DA:450,0
DA:451,0
DA:455,0
DA:456,0
DA:457,0
DA:458,0
DA:459,0
DA:461,0
DA:462,0
DA:463,0
DA:464,0
DA:465,0
DA:466,0
DA:467,0
DA:468,0
DA:470,0
DA:475,0
DA:477,0
DA:484,0
DA:486,0
DA:490,0
DA:491,0
DA:494,0
DA:499,0
DA:500,0
DA:501,0
DA:502,0
DA:503,0
DA:507,0
DA:512,0
DA:513,0
DA:514,0
DA:515,0
DA:516,0
DA:520,0
DA:521,0
DA:522,0
DA:523,0
DA:525,0
DA:529,0
DA:531,0
DA:532,0
DA:537,0
DA:545,0
DA:554,0
DA:558,0
DA:559,0
DA:562,0
DA:563,0
DA:574,0
DA:627,0
LF:249
LH:0
BRDA:65,0,0,0
BRDA:66,1,0,0
BRDA:66,1,1,0
BRDA:82,2,0,0
BRDA:82,2,1,0
BRDA:90,3,0,0
BRDA:97,4,0,0
BRDA:97,5,0,0
BRDA:97,5,1,0
BRDA:117,6,0,0
BRDA:117,6,1,0
BRDA:137,7,0,0
BRDA:137,7,1,0
BRDA:142,8,0,0
BRDA:142,9,0,0
BRDA:142,9,1,0
BRDA:147,10,0,0
BRDA:147,11,0,0
BRDA:147,11,1,0
BRDA:149,12,0,0
BRDA:150,13,0,0
BRDA:150,13,1,0
BRDA:150,13,2,0
BRDA:154,14,0,0
BRDA:162,15,0,0
BRDA:162,16,0,0
BRDA:162,16,1,0
BRDA:165,17,0,0
BRDA:169,18,0,0
BRDA:169,18,1,0
BRDA:174,19,0,0
BRDA:174,19,1,0
BRDA:187,20,0,0
BRDA:187,21,0,0
BRDA:187,21,1,0
BRDA:193,22,0,0
BRDA:193,22,1,0
BRDA:194,23,0,0
BRDA:194,23,1,0
BRDA:200,24,0,0
BRDA:200,24,1,0
BRDA:210,25,0,0
BRDA:233,26,0,0
BRDA:233,26,1,0
BRDA:238,27,0,0
BRDA:238,27,1,0
BRDA:243,28,0,0
BRDA:249,29,0,0
BRDA:253,30,0,0
BRDA:253,30,1,0
BRDA:267,31,0,0
BRDA:273,32,0,0
BRDA:273,32,1,0
BRDA:273,33,0,0
BRDA:273,33,1,0
BRDA:279,34,0,0
BRDA:279,34,1,0
BRDA:289,35,0,0
BRDA:289,35,1,0
BRDA:290,36,0,0
BRDA:290,36,1,0
BRDA:291,37,0,0
BRDA:291,37,1,0
BRDA:301,38,0,0
BRDA:301,38,1,0
BRDA:301,39,0,0
BRDA:301,39,1,0
BRDA:309,40,0,0
BRDA:309,41,0,0
BRDA:309,41,1,0
BRDA:312,42,0,0
BRDA:314,43,0,0
BRDA:314,43,1,0
BRDA:319,44,0,0
BRDA:325,45,0,0
BRDA:336,46,0,0
BRDA:340,47,0,0
BRDA:340,47,1,0
BRDA:340,48,0,0
BRDA:340,48,1,0
BRDA:341,49,0,0
BRDA:346,50,0,0
BRDA:346,50,1,0
BRDA:354,51,0,0
BRDA:354,51,1,0
BRDA:354,52,0,0
BRDA:354,52,1,0
BRDA:354,52,2,0
BRDA:356,53,0,0
BRDA:356,53,1,0
BRDA:356,54,0,0
BRDA:356,54,1,0
BRDA:356,54,2,0
BRDA:368,55,0,0
BRDA:369,56,0,0
BRDA:374,57,0,0
BRDA:381,58,0,0
BRDA:381,58,1,0
BRDA:389,59,0,0
BRDA:389,59,1,0
BRDA:390,60,0,0
BRDA:391,61,0,0
BRDA:391,61,1,0
BRDA:391,61,2,0
BRDA:401,62,0,0
BRDA:401,62,1,0
BRDA:401,63,0,0
BRDA:401,63,1,0
BRDA:408,64,0,0
BRDA:408,64,1,0
BRDA:414,65,0,0
BRDA:414,65,1,0
BRDA:425,66,0,0
BRDA:425,66,1,0
BRDA:425,67,0,0
BRDA:425,67,1,0
BRDA:431,68,0,0
BRDA:431,68,1,0
BRDA:432,69,0,0
BRDA:433,70,0,0
BRDA:433,70,1,0
BRDA:433,70,2,0
BRDA:438,71,0,0
BRDA:438,71,1,0
BRDA:449,72,0,0
BRDA:458,73,0,0
BRDA:461,74,0,0
BRDA:462,75,0,0
BRDA:464,76,0,0
BRDA:464,76,1,0
BRDA:465,77,0,0
BRDA:494,78,0,0
BRDA:495,79,0,0
BRDA:495,79,1,0
BRDA:495,79,2,0
BRDA:495,79,3,0
BRDA:507,80,0,0
BRDA:508,81,0,0
BRDA:508,81,1,0
BRDA:508,81,2,0
BRDA:508,81,3,0
BRDA:520,82,0,0
BRDA:520,83,0,0
BRDA:520,83,1,0
BRDA:531,84,0,0
BRDA:531,85,0,0
BRDA:531,85,1,0
BRDA:531,85,2,0
BRDA:562,86,0,0
BRDA:562,86,1,0
BRDA:565,87,0,0
BRDA:565,87,1,0
BRDA:570,88,0,0
BRDA:570,88,1,0
BRDA:571,89,0,0
BRDA:571,89,1,0
BRDA:588,90,0,0
BRDA:588,90,1,0
BRDA:602,91,0,0
BRDA:602,91,1,0
BRF:160
BRH:0
end_of_record
TN:
SF:src/components/TaskContent/TaskContent.tsx
FN:15,TaskContent
FN:22,handleDisplayOptions
FN:26,handleIsEditing
FN:30,handleDisplayProgressBar
FN:34,handleDoneTask
FN:43,handleUpdateTask
FN:56,handleRemoveTask
FN:61,handleProgressBar
FN:67,(anonymous_9)
FNF:9
FNH:0
FNDA:0,TaskContent
FNDA:0,handleDisplayOptions
FNDA:0,handleIsEditing
FNDA:0,handleDisplayProgressBar
FNDA:0,handleDoneTask
FNDA:0,handleUpdateTask
FNDA:0,handleRemoveTask
FNDA:0,handleProgressBar
FNDA:0,(anonymous_9)
DA:1,0
DA:2,0
DA:3,0
DA:4,0
DA:5,0
DA:6,0
DA:7,0
DA:15,0
DA:16,0
DA:17,0
DA:18,0
DA:19,0
DA:20,0
DA:23,0
DA:27,0
DA:31,0
DA:35,0
DA:36,0
DA:40,0
DA:44,0
DA:46,0
DA:48,0
DA:52,0
DA:53,0
DA:57,0
DA:58,0
DA:62,0
DA:63,0
DA:64,0
DA:67,0
DA:68,0
DA:71,0
LF:32
LH:0
BRDA:76,0,0,0
BRDA:76,0,1,0
BRDA:78,1,0,0
BRDA:78,1,1,0
BRDA:108,2,0,0
BRDA:108,2,1,0
BRDA:121,3,0,0
BRDA:121,3,1,0
BRDA:147,4,0,0
BRDA:147,4,1,0
BRDA:157,5,0,0
BRDA:157,5,1,0
BRF:12
BRH:0
end_of_record
TN:
SF:src/components/TaskItem/TaskItem.tsx
FN:8,TaskItem
FNF:1
FNH:0
FNDA:0,TaskItem
DA:1,0
DA:3,0
DA:4,0
DA:8,0
DA:9,0
LF:5
LH:0
BRDA:12,0,0,0
BRDA:12,0,1,0
BRF:2
BRH:0
end_of_record
TN:
SF:src/components/TaskList/TaskList.tsx
FN:6,TaskList
FNF:1
FNH:0
FNDA:0,TaskList
DA:1,0
DA:6,0
DA:7,0
DA:22,0
LF:4
LH:0
BRDA:7,0,0,0
BRDA:7,1,0,0
BRDA:7,1,1,0
BRF:3
BRH:0
end_of_record
TN:
SF:src/components/TaskPanel/TaskPanel.tsx
FN:13,TaskPanel
FN:14,(anonymous_2)
FN:15,(anonymous_3)
FN:19,onChangeTasks
FN:23,(anonymous_5)
FN:32,(anonymous_6)
FN:33,(anonymous_7)
FNF:7
FNH:0
FNDA:0,TaskPanel
FNDA:0,(anonymous_2)
FNDA:0,(anonymous_3)
FNDA:0,onChangeTasks
FNDA:0,(anonymous_5)
FNDA:0,(anonymous_6)
FNDA:0,(anonymous_7)
DA:1,0
DA:2,0
DA:4,0
DA:5,0
DA:13,0
DA:14,0
DA:15,0
DA:16,0
DA:20,0
DA:23,0
DA:24,0
DA:25,0
DA:28,0
DA:32,0
DA:33,0
LF:15
LH:0
BRF:0
BRH:0
end_of_record
TN:
SF:src/components/ui/Button/Button.tsx
FN:41,Button
FN:42,(anonymous_2)
FN:59,handleOnClick
FNF:3
FNH:1
FNDA:4,Button
FNDA:0,(anonymous_2)
FNDA:0,handleOnClick
DA:1,1
DA:2,1
DA:3,1
DA:9,1
DA:19,1
DA:41,1
DA:57,4
DA:60,0
DA:61,0
DA:62,0
DA:63,0
DA:65,0
DA:67,0
DA:68,0
DA:73,4
DA:88,4
LF:16
LH:9
BRDA:42,0,0,4
BRDA:51,1,0,4
BRDA:52,2,0,4
BRDA:53,3,0,4
BRDA:57,4,0,4
BRDA:57,4,1,4
BRDA:60,5,0,0
BRDA:62,6,0,0
BRDA:67,7,0,0
BRDA:74,8,0,0
BRDA:74,8,1,4
BRDA:76,9,0,0
BRDA:76,9,1,0
BRDA:77,10,0,0
BRDA:77,10,1,0
BRDA:77,11,0,0
BRDA:77,11,1,0
BRDA:91,12,0,4
BRDA:91,12,1,0
BRDA:91,13,0,4
BRDA:91,13,1,0
BRDA:96,14,0,0
BRDA:96,14,1,0
BRDA:100,15,0,0
BRDA:100,15,1,0
BRDA:102,16,0,0
BRDA:102,16,1,0
BRDA:103,17,0,0
BRDA:103,17,1,0
BRF:29
BRH:9
end_of_record
TN:
SF:src/components/ui/Input/Input.tsx
FN:12,Input
FNF:1
FNH:0
FNDA:0,Input
DA:1,0
DA:2,0
DA:12,0
DA:25,0
LF:4
LH:0
BRDA:26,0,0,0
BRDA:26,0,1,0
BRDA:27,1,0,0
BRDA:27,1,1,0
BRDA:28,2,0,0
BRDA:28,2,1,0
BRDA:31,3,0,0
BRDA:31,3,1,0
BRF:8
BRH:0
end_of_record
TN:
SF:src/components/ui/Panel/Panel.tsx
FN:21,Panel
FNF:1
FNH:0
FNDA:0,Panel
DA:1,0
DA:2,0
DA:8,0
DA:21,0
DA:22,0
LF:5
LH:0
BRDA:21,0,0,0
BRDA:23,1,0,0
BRDA:23,1,1,0
BRDA:24,2,0,0
BRDA:24,2,1,0
BRF:5
BRH:0
end_of_record
TN:
SF:src/pages/Home/Home.tsx
FN:15,Home
FN:49,(anonymous_2)
FN:64,(anonymous_3)
FNF:3
FNH:0
FNDA:0,Home
FNDA:0,(anonymous_2)
FNDA:0,(anonymous_3)
DA:1,0
DA:2,0
DA:3,0
DA:4,0
DA:5,0
DA:6,0
DA:7,0
DA:8,0
DA:9,0
DA:11,0
DA:12,0
DA:13,0
DA:15,0
DA:22,0
DA:24,0
DA:25,0
DA:27,0
DA:49,0
DA:64,0
LF:19
LH:0
BRDA:44,0,0,0
BRDA:44,0,1,0
BRDA:50,1,0,0
BRDA:50,1,1,0
BRDA:73,2,0,0
BRDA:73,2,1,0
BRDA:74,3,0,0
BRDA:74,3,1,0
BRDA:74,4,0,0
BRDA:74,4,1,0
BRDA:82,5,0,0
BRDA:82,5,1,0
BRDA:83,6,0,0
BRDA:83,6,1,0
BRDA:83,7,0,0
BRDA:83,7,1,0
BRF:16
BRH:0
end_of_record
